2018-11-06 00:13:14.634  INFO 16208 --- [main] com.lookup.FindDuplicatesApplication     : Starting FindDuplicatesApplication on LAPTOP-0TTO0U19 with PID 16208 (C:\Users\nehab\Documents\Validity\FindDuplicates\SpingBootServer\target\classes started by nehab in C:\Users\nehab\Documents\Validity\FindDuplicates\SpingBootServer)
2018-11-06 00:13:14.642  INFO 16208 --- [main] com.lookup.FindDuplicatesApplication     : No active profile set, falling back to default profiles: default
2018-11-06 00:13:16.597  INFO 16208 --- [main] trationDelegate$BeanPostProcessorChecker : Bean 'org.springframework.hateoas.config.HateoasConfiguration' of type [org.springframework.hateoas.config.HateoasConfiguration$$EnhancerBySpringCGLIB$$a920043f] is not eligible for getting processed by all BeanPostProcessors (for example: not eligible for auto-proxying)
2018-11-06 00:13:17.208  INFO 16208 --- [main] o.s.b.w.embedded.tomcat.TomcatWebServer  : Tomcat initialized with port(s): 8081 (http)
2018-11-06 00:13:17.235  INFO 16208 --- [main] o.apache.catalina.core.StandardService   : Starting service [Tomcat]
2018-11-06 00:13:17.235  INFO 16208 --- [main] org.apache.catalina.core.StandardEngine  : Starting Servlet Engine: Apache Tomcat/9.0.12
2018-11-06 00:13:17.244  INFO 16208 --- [main] o.a.catalina.core.AprLifecycleListener   : The APR based Apache Tomcat Native library which allows optimal performance in production environments was not found on the java.library.path: [C:\Program Files\Java\jre1.8.0_141\bin;C:\WINDOWS\Sun\Java\bin;C:\WINDOWS\system32;C:\WINDOWS;C:/Program Files/Java/jre1.8.0_141/bin/server;C:/Program Files/Java/jre1.8.0_141/bin;C:/Program Files/Java/jre1.8.0_141/lib/amd64;C:\Program Files (x86)\Common Files\Oracle\Java\javapath;C:\Program Files (x86)\Intel\Intel(R) Management Engine Components\iCLS\;C:\Program Files\Intel\Intel(R) Management Engine Components\iCLS\;C:\ProgramData\Oracle\Java\javapath;C:\WINDOWS\system32;C:\WINDOWS;C:\WINDOWS\System32\Wbem;C:\WINDOWS\System32\WindowsPowerShell\v1.0\;C:\Program Files\Git\cmd;C:\Program Files (x86)\PharosSystems\Core;C:\Program Files\dotnet\;C:\Program Files (x86)\Brackets\command;C:\Program Files\Microsoft SQL Server\130\Tools\Binn\;C:\Program Files\apache-maven-3.5.3\bin;C:\Program Files\Java\jdk1.8.0_141\bin;C:\google-cloud-sdk\bin;C:\Program Files (x86)\Intel\Intel(R) Management Engine Components\DAL;C:\Program Files\Intel\Intel(R) Management Engine Components\DAL;C:\Program Files (x86)\Intel\Intel(R) Management Engine Components\IPT;C:\Program Files\Intel\Intel(R) Management Engine Components\IPT;C:\WINDOWS\System32\OpenSSH\;C:\Program Files\MySQL\MySQL Utilities 1.6\;C:\Program Files\Intel\WiFi\bin\;C:\Program Files\Common Files\Intel\WirelessCommon\;C:\Program Files\nodejs\;C:\Program Files\Microsoft VS Code\bin;C:\Users\nehab\AppData\Local\Microsoft\WindowsApps;C:\Program Files\Microsoft VS Code\bin;C:\Users\nehab\AppData\Local\GitHubDesktop\bin;C:\Users\nehab\AppData\Local\Programs\Fiddler;C:\Program Files\apache-maven-3.5.3\bin;C:\Program Files\Java\jdk1.8.0_161\bin;C:\google-cloud-sdk\bin;C:\Users\nehab\AppData\Local\Microsoft\WindowsApps;C:\Program Files\dotnet\sdk;C:\Program Files\heroku\bin;C:\Gradle\gradle-4.10.2\bin;C:\Users\nehab\AppData\Roaming\npm;C:\eclipse;;.]
2018-11-06 00:13:17.400  INFO 16208 --- [main] o.a.c.c.C.[Tomcat].[localhost].[/]       : Initializing Spring embedded WebApplicationContext
2018-11-06 00:13:17.402  INFO 16208 --- [main] o.s.web.context.ContextLoader            : Root WebApplicationContext: initialization completed in 2703 ms
2018-11-06 00:13:17.482  INFO 16208 --- [main] o.s.b.w.servlet.ServletRegistrationBean  : Servlet dispatcherServlet mapped to [/]
2018-11-06 00:13:17.491  INFO 16208 --- [main] o.s.b.w.servlet.FilterRegistrationBean   : Mapping filter: 'characterEncodingFilter' to: [/*]
2018-11-06 00:13:18.922  INFO 16208 --- [main] o.s.b.w.embedded.tomcat.TomcatWebServer  : Tomcat started on port(s): 8081 (http) with context path ''
2018-11-06 00:13:18.926  INFO 16208 --- [main] com.lookup.FindDuplicatesApplication     : Started FindDuplicatesApplication in 4.829 seconds (JVM running for 5.933)
2018-11-06 01:32:35.110  INFO 16208 --- [http-nio-8081-exec-1] o.a.c.c.C.[Tomcat].[localhost].[/]       : Initializing Spring DispatcherServlet 'dispatcherServlet'
2018-11-06 01:32:35.118  INFO 16208 --- [http-nio-8081-exec-1] o.s.web.servlet.DispatcherServlet        : Initializing Servlet 'dispatcherServlet'
2018-11-06 01:32:35.225  INFO 16208 --- [http-nio-8081-exec-1] o.s.web.servlet.DispatcherServlet        : Completed initialization in 106 ms
2018-11-06 01:32:35.402  INFO 16208 --- [http-nio-8081-exec-1] com.lookup.controller.LookupController   : loadCSV - Start
2018-11-06 01:32:35.518  INFO 16208 --- [http-nio-8081-exec-1] com.lookup.controller.LookupController   : loadCSV - End
2018-11-06 01:33:03.144  INFO 16208 --- [http-nio-8081-exec-2] com.lookup.controller.LookupController   : loadCSV - Start
2018-11-06 01:33:03.236  INFO 16208 --- [http-nio-8081-exec-2] com.lookup.controller.LookupController   : loadCSV - End
2018-11-06 01:38:46.204  INFO 16208 --- [http-nio-8081-exec-4] com.lookup.controller.LookupController   : loadCSV - Start
2018-11-06 01:38:46.336  INFO 16208 --- [http-nio-8081-exec-4] com.lookup.controller.LookupController   : loadCSV - End
2018-11-06 01:39:21.494  INFO 16208 --- [http-nio-8081-exec-5] com.lookup.controller.LookupController   : loadCSV - Start
2018-11-06 01:39:21.603  INFO 16208 --- [http-nio-8081-exec-5] com.lookup.controller.LookupController   : loadCSV - End
2018-11-06 01:56:34.690  INFO 16208 --- [http-nio-8081-exec-7] com.lookup.controller.LookupController   : loadCSV - Start
2018-11-06 01:56:34.788  INFO 16208 --- [http-nio-8081-exec-7] com.lookup.controller.LookupController   : loadCSV - End
2018-11-06 01:59:38.840  INFO 16208 --- [http-nio-8081-exec-9] com.lookup.controller.LookupController   : loadCSV - Start
2018-11-06 01:59:38.948  INFO 16208 --- [http-nio-8081-exec-9] com.lookup.controller.LookupController   : loadCSV - End
2018-11-06 02:03:43.988  INFO 16208 --- [http-nio-8081-exec-1] com.lookup.controller.LookupController   : loadCSV - Start
2018-11-06 02:03:44.098  INFO 16208 --- [http-nio-8081-exec-1] com.lookup.controller.LookupController   : loadCSV - End
2018-11-06 02:25:59.622  INFO 16208 --- [http-nio-8081-exec-3] com.lookup.controller.LookupController   : loadCSV - Start
2018-11-06 02:25:59.723  INFO 16208 --- [http-nio-8081-exec-3] com.lookup.controller.LookupController   : loadCSV - End
2018-11-06 03:14:36.308  INFO 10212 --- [main] com.lookup.FindDuplicatesApplication     : Starting FindDuplicatesApplication on LAPTOP-0TTO0U19 with PID 10212 (C:\Users\nehab\Documents\Validity\FindDuplicates\SpingBootServer\target\classes started by nehab in C:\Users\nehab\Documents\Validity\FindDuplicates\SpingBootServer)
2018-11-06 03:14:36.331  INFO 10212 --- [main] com.lookup.FindDuplicatesApplication     : No active profile set, falling back to default profiles: default
2018-11-06 03:14:37.351  INFO 10212 --- [main] trationDelegate$BeanPostProcessorChecker : Bean 'org.springframework.hateoas.config.HateoasConfiguration' of type [org.springframework.hateoas.config.HateoasConfiguration$$EnhancerBySpringCGLIB$$204b7782] is not eligible for getting processed by all BeanPostProcessors (for example: not eligible for auto-proxying)
2018-11-06 03:14:37.805  INFO 10212 --- [main] o.s.b.w.embedded.tomcat.TomcatWebServer  : Tomcat initialized with port(s): 8081 (http)
2018-11-06 03:14:37.827  INFO 10212 --- [main] o.apache.catalina.core.StandardService   : Starting service [Tomcat]
2018-11-06 03:14:37.827  INFO 10212 --- [main] org.apache.catalina.core.StandardEngine  : Starting Servlet Engine: Apache Tomcat/9.0.12
2018-11-06 03:14:37.835  INFO 10212 --- [main] o.a.catalina.core.AprLifecycleListener   : The APR based Apache Tomcat Native library which allows optimal performance in production environments was not found on the java.library.path: [C:\Program Files\Java\jre1.8.0_141\bin;C:\WINDOWS\Sun\Java\bin;C:\WINDOWS\system32;C:\WINDOWS;C:/Program Files/Java/jre1.8.0_141/bin/server;C:/Program Files/Java/jre1.8.0_141/bin;C:/Program Files/Java/jre1.8.0_141/lib/amd64;C:\Program Files (x86)\Common Files\Oracle\Java\javapath;C:\Program Files (x86)\Intel\Intel(R) Management Engine Components\iCLS\;C:\Program Files\Intel\Intel(R) Management Engine Components\iCLS\;C:\ProgramData\Oracle\Java\javapath;C:\WINDOWS\system32;C:\WINDOWS;C:\WINDOWS\System32\Wbem;C:\WINDOWS\System32\WindowsPowerShell\v1.0\;C:\Program Files\Git\cmd;C:\Program Files (x86)\PharosSystems\Core;C:\Program Files\dotnet\;C:\Program Files (x86)\Brackets\command;C:\Program Files\Microsoft SQL Server\130\Tools\Binn\;C:\Program Files\apache-maven-3.5.3\bin;C:\Program Files\Java\jdk1.8.0_141\bin;C:\google-cloud-sdk\bin;C:\Program Files (x86)\Intel\Intel(R) Management Engine Components\DAL;C:\Program Files\Intel\Intel(R) Management Engine Components\DAL;C:\Program Files (x86)\Intel\Intel(R) Management Engine Components\IPT;C:\Program Files\Intel\Intel(R) Management Engine Components\IPT;C:\WINDOWS\System32\OpenSSH\;C:\Program Files\MySQL\MySQL Utilities 1.6\;C:\Program Files\Intel\WiFi\bin\;C:\Program Files\Common Files\Intel\WirelessCommon\;C:\Program Files\nodejs\;C:\Program Files\Microsoft VS Code\bin;C:\Users\nehab\AppData\Local\Microsoft\WindowsApps;C:\Program Files\Microsoft VS Code\bin;C:\Users\nehab\AppData\Local\GitHubDesktop\bin;C:\Users\nehab\AppData\Local\Programs\Fiddler;C:\Program Files\apache-maven-3.5.3\bin;C:\Program Files\Java\jdk1.8.0_161\bin;C:\google-cloud-sdk\bin;C:\Users\nehab\AppData\Local\Microsoft\WindowsApps;C:\Program Files\dotnet\sdk;C:\Program Files\heroku\bin;C:\Gradle\gradle-4.10.2\bin;C:\Users\nehab\AppData\Roaming\npm;C:\eclipse;;.]
2018-11-06 03:14:37.962  INFO 10212 --- [main] o.a.c.c.C.[Tomcat].[localhost].[/]       : Initializing Spring embedded WebApplicationContext
2018-11-06 03:14:37.963  INFO 10212 --- [main] o.s.web.context.ContextLoader            : Root WebApplicationContext: initialization completed in 1540 ms
2018-11-06 03:14:38.015  INFO 10212 --- [main] o.s.b.w.servlet.ServletRegistrationBean  : Servlet dispatcherServlet mapped to [/]
2018-11-06 03:14:38.020  INFO 10212 --- [main] o.s.b.w.servlet.FilterRegistrationBean   : Mapping filter: 'characterEncodingFilter' to: [/*]
2018-11-06 03:14:38.433  INFO 10212 --- [main] bConfig$$EnhancerBySpringCGLIB$$95ed2fcc : addCorsMappings - Start
2018-11-06 03:14:38.434  INFO 10212 --- [main] bConfig$$EnhancerBySpringCGLIB$$95ed2fcc : addCorsMappings - End
2018-11-06 03:14:38.953 ERROR 10212 --- [main] org.apache.catalina.util.LifecycleBase   : Failed to start component [Connector[HTTP/1.1-8081]]

org.apache.catalina.LifecycleException: Protocol handler start failed
	at org.apache.catalina.connector.Connector.startInternal(Connector.java:960) ~[tomcat-embed-core-9.0.12.jar:9.0.12]
	at org.apache.catalina.util.LifecycleBase.start(LifecycleBase.java:183) ~[tomcat-embed-core-9.0.12.jar:9.0.12]
	at org.apache.catalina.core.StandardService.addConnector(StandardService.java:225) [tomcat-embed-core-9.0.12.jar:9.0.12]
	at org.springframework.boot.web.embedded.tomcat.TomcatWebServer.addPreviouslyRemovedConnectors(TomcatWebServer.java:259) [spring-boot-2.1.0.RELEASE.jar:2.1.0.RELEASE]
	at org.springframework.boot.web.embedded.tomcat.TomcatWebServer.start(TomcatWebServer.java:197) [spring-boot-2.1.0.RELEASE.jar:2.1.0.RELEASE]
	at org.springframework.boot.web.servlet.context.ServletWebServerApplicationContext.startWebServer(ServletWebServerApplicationContext.java:300) [spring-boot-2.1.0.RELEASE.jar:2.1.0.RELEASE]
	at org.springframework.boot.web.servlet.context.ServletWebServerApplicationContext.finishRefresh(ServletWebServerApplicationContext.java:162) [spring-boot-2.1.0.RELEASE.jar:2.1.0.RELEASE]
	at org.springframework.context.support.AbstractApplicationContext.refresh(AbstractApplicationContext.java:549) [spring-context-5.1.2.RELEASE.jar:5.1.2.RELEASE]
	at org.springframework.boot.web.servlet.context.ServletWebServerApplicationContext.refresh(ServletWebServerApplicationContext.java:140) [spring-boot-2.1.0.RELEASE.jar:2.1.0.RELEASE]
	at org.springframework.boot.SpringApplication.refresh(SpringApplication.java:775) [spring-boot-2.1.0.RELEASE.jar:2.1.0.RELEASE]
	at org.springframework.boot.SpringApplication.refreshContext(SpringApplication.java:397) [spring-boot-2.1.0.RELEASE.jar:2.1.0.RELEASE]
	at org.springframework.boot.SpringApplication.run(SpringApplication.java:316) [spring-boot-2.1.0.RELEASE.jar:2.1.0.RELEASE]
	at org.springframework.boot.SpringApplication.run(SpringApplication.java:1260) [spring-boot-2.1.0.RELEASE.jar:2.1.0.RELEASE]
	at org.springframework.boot.SpringApplication.run(SpringApplication.java:1248) [spring-boot-2.1.0.RELEASE.jar:2.1.0.RELEASE]
	at com.lookup.FindDuplicatesApplication.main(FindDuplicatesApplication.java:14) [classes/:na]
Caused by: java.net.BindException: Address already in use: bind
	at sun.nio.ch.Net.bind0(Native Method) ~[na:1.8.0_141]
	at sun.nio.ch.Net.bind(Unknown Source) ~[na:1.8.0_141]
	at sun.nio.ch.Net.bind(Unknown Source) ~[na:1.8.0_141]
	at sun.nio.ch.ServerSocketChannelImpl.bind(Unknown Source) ~[na:1.8.0_141]
	at sun.nio.ch.ServerSocketAdaptor.bind(Unknown Source) ~[na:1.8.0_141]
	at org.apache.tomcat.util.net.NioEndpoint.initServerSocket(NioEndpoint.java:236) ~[tomcat-embed-core-9.0.12.jar:9.0.12]
	at org.apache.tomcat.util.net.NioEndpoint.bind(NioEndpoint.java:210) ~[tomcat-embed-core-9.0.12.jar:9.0.12]
	at org.apache.tomcat.util.net.AbstractEndpoint.start(AbstractEndpoint.java:1108) ~[tomcat-embed-core-9.0.12.jar:9.0.12]
	at org.apache.coyote.AbstractProtocol.start(AbstractProtocol.java:550) ~[tomcat-embed-core-9.0.12.jar:9.0.12]
	at org.apache.catalina.connector.Connector.startInternal(Connector.java:957) ~[tomcat-embed-core-9.0.12.jar:9.0.12]
	... 14 common frames omitted

2018-11-06 03:14:38.960  INFO 10212 --- [main] o.apache.catalina.core.StandardService   : Stopping service [Tomcat]
2018-11-06 03:14:38.974  INFO 10212 --- [main] ConditionEvaluationReportLoggingListener : 

Error starting ApplicationContext. To display the conditions report re-run your application with 'debug' enabled.
2018-11-06 03:14:38.978 ERROR 10212 --- [main] o.s.b.d.LoggingFailureAnalysisReporter   : 

***************************
APPLICATION FAILED TO START
***************************

Description:

The Tomcat connector configured to listen on port 8081 failed to start. The port may already be in use or the connector may be misconfigured.

Action:

Verify the connector's configuration, identify and stop any process that's listening on port 8081, or configure this application to listen on another port.

2018-11-06 03:14:42.584  INFO 16208 --- [RMI TCP Connection(2)-127.0.0.1] inMXBeanRegistrar$SpringApplicationAdmin : Application shutdown requested.
2018-11-06 03:14:48.620  INFO 12656 --- [main] com.lookup.FindDuplicatesApplication     : Starting FindDuplicatesApplication on LAPTOP-0TTO0U19 with PID 12656 (C:\Users\nehab\Documents\Validity\FindDuplicates\SpingBootServer\target\classes started by nehab in C:\Users\nehab\Documents\Validity\FindDuplicates\SpingBootServer)
2018-11-06 03:14:48.623  INFO 12656 --- [main] com.lookup.FindDuplicatesApplication     : No active profile set, falling back to default profiles: default
2018-11-06 03:14:49.480  INFO 12656 --- [main] trationDelegate$BeanPostProcessorChecker : Bean 'org.springframework.hateoas.config.HateoasConfiguration' of type [org.springframework.hateoas.config.HateoasConfiguration$$EnhancerBySpringCGLIB$$56b13ede] is not eligible for getting processed by all BeanPostProcessors (for example: not eligible for auto-proxying)
2018-11-06 03:14:49.854  INFO 12656 --- [main] o.s.b.w.embedded.tomcat.TomcatWebServer  : Tomcat initialized with port(s): 8081 (http)
2018-11-06 03:14:49.873  INFO 12656 --- [main] o.apache.catalina.core.StandardService   : Starting service [Tomcat]
2018-11-06 03:14:49.873  INFO 12656 --- [main] org.apache.catalina.core.StandardEngine  : Starting Servlet Engine: Apache Tomcat/9.0.12
2018-11-06 03:14:49.882  INFO 12656 --- [main] o.a.catalina.core.AprLifecycleListener   : The APR based Apache Tomcat Native library which allows optimal performance in production environments was not found on the java.library.path: [C:\Program Files\Java\jre1.8.0_141\bin;C:\WINDOWS\Sun\Java\bin;C:\WINDOWS\system32;C:\WINDOWS;C:/Program Files/Java/jre1.8.0_141/bin/server;C:/Program Files/Java/jre1.8.0_141/bin;C:/Program Files/Java/jre1.8.0_141/lib/amd64;C:\Program Files (x86)\Common Files\Oracle\Java\javapath;C:\Program Files (x86)\Intel\Intel(R) Management Engine Components\iCLS\;C:\Program Files\Intel\Intel(R) Management Engine Components\iCLS\;C:\ProgramData\Oracle\Java\javapath;C:\WINDOWS\system32;C:\WINDOWS;C:\WINDOWS\System32\Wbem;C:\WINDOWS\System32\WindowsPowerShell\v1.0\;C:\Program Files\Git\cmd;C:\Program Files (x86)\PharosSystems\Core;C:\Program Files\dotnet\;C:\Program Files (x86)\Brackets\command;C:\Program Files\Microsoft SQL Server\130\Tools\Binn\;C:\Program Files\apache-maven-3.5.3\bin;C:\Program Files\Java\jdk1.8.0_141\bin;C:\google-cloud-sdk\bin;C:\Program Files (x86)\Intel\Intel(R) Management Engine Components\DAL;C:\Program Files\Intel\Intel(R) Management Engine Components\DAL;C:\Program Files (x86)\Intel\Intel(R) Management Engine Components\IPT;C:\Program Files\Intel\Intel(R) Management Engine Components\IPT;C:\WINDOWS\System32\OpenSSH\;C:\Program Files\MySQL\MySQL Utilities 1.6\;C:\Program Files\Intel\WiFi\bin\;C:\Program Files\Common Files\Intel\WirelessCommon\;C:\Program Files\nodejs\;C:\Program Files\Microsoft VS Code\bin;C:\Users\nehab\AppData\Local\Microsoft\WindowsApps;C:\Program Files\Microsoft VS Code\bin;C:\Users\nehab\AppData\Local\GitHubDesktop\bin;C:\Users\nehab\AppData\Local\Programs\Fiddler;C:\Program Files\apache-maven-3.5.3\bin;C:\Program Files\Java\jdk1.8.0_161\bin;C:\google-cloud-sdk\bin;C:\Users\nehab\AppData\Local\Microsoft\WindowsApps;C:\Program Files\dotnet\sdk;C:\Program Files\heroku\bin;C:\Gradle\gradle-4.10.2\bin;C:\Users\nehab\AppData\Roaming\npm;C:\eclipse;;.]
2018-11-06 03:14:49.993  INFO 12656 --- [main] o.a.c.c.C.[Tomcat].[localhost].[/]       : Initializing Spring embedded WebApplicationContext
2018-11-06 03:14:49.994  INFO 12656 --- [main] o.s.web.context.ContextLoader            : Root WebApplicationContext: initialization completed in 1331 ms
2018-11-06 03:14:50.038  INFO 12656 --- [main] o.s.b.w.servlet.ServletRegistrationBean  : Servlet dispatcherServlet mapped to [/]
2018-11-06 03:14:50.044  INFO 12656 --- [main] o.s.b.w.servlet.FilterRegistrationBean   : Mapping filter: 'characterEncodingFilter' to: [/*]
2018-11-06 03:14:50.451  INFO 12656 --- [main] bConfig$$EnhancerBySpringCGLIB$$cc52f728 : addCorsMappings - Start
2018-11-06 03:14:50.452  INFO 12656 --- [main] bConfig$$EnhancerBySpringCGLIB$$cc52f728 : addCorsMappings - End
2018-11-06 03:14:50.941  INFO 12656 --- [main] o.s.b.w.embedded.tomcat.TomcatWebServer  : Tomcat started on port(s): 8081 (http) with context path ''
2018-11-06 03:14:50.945  INFO 12656 --- [main] com.lookup.FindDuplicatesApplication     : Started FindDuplicatesApplication in 2.668 seconds (JVM running for 3.432)
2018-11-06 03:14:58.748  INFO 12656 --- [http-nio-8081-exec-1] o.a.c.c.C.[Tomcat].[localhost].[/]       : Initializing Spring DispatcherServlet 'dispatcherServlet'
2018-11-06 03:14:58.749  INFO 12656 --- [http-nio-8081-exec-1] o.s.web.servlet.DispatcherServlet        : Initializing Servlet 'dispatcherServlet'
2018-11-06 03:14:58.768  INFO 12656 --- [http-nio-8081-exec-1] o.s.web.servlet.DispatcherServlet        : Completed initialization in 19 ms
2018-11-06 03:14:58.830  INFO 12656 --- [http-nio-8081-exec-1] com.lookup.controller.LookupController   : getDuplicates - Start
2018-11-06 03:14:58.831  INFO 12656 --- [http-nio-8081-exec-1] com.lookup.service.LocalClient           : uploadFile - Start
2018-11-06 03:14:58.836  INFO 12656 --- [http-nio-8081-exec-1] com.lookup.service.LocalClient           : uploadFile - End
2018-11-06 03:14:58.907 ERROR 12656 --- [http-nio-8081-exec-1] com.lookup.controller.LookupController   : null
2018-11-06 03:14:58.908  INFO 12656 --- [http-nio-8081-exec-1] com.lookup.controller.LookupController   : getDuplicates - End
2018-11-06 03:15:20.011  INFO 12656 --- [RMI TCP Connection(2)-127.0.0.1] inMXBeanRegistrar$SpringApplicationAdmin : Application shutdown requested.
2018-11-06 03:15:23.061  INFO 4296 --- [main] com.lookup.FindDuplicatesApplication     : Starting FindDuplicatesApplication on LAPTOP-0TTO0U19 with PID 4296 (C:\Users\nehab\Documents\Validity\FindDuplicates\SpingBootServer\target\classes started by nehab in C:\Users\nehab\Documents\Validity\FindDuplicates\SpingBootServer)
2018-11-06 03:15:23.066  INFO 4296 --- [main] com.lookup.FindDuplicatesApplication     : No active profile set, falling back to default profiles: default
2018-11-06 03:15:23.999  INFO 4296 --- [main] trationDelegate$BeanPostProcessorChecker : Bean 'org.springframework.hateoas.config.HateoasConfiguration' of type [org.springframework.hateoas.config.HateoasConfiguration$$EnhancerBySpringCGLIB$$6eaf24cb] is not eligible for getting processed by all BeanPostProcessors (for example: not eligible for auto-proxying)
2018-11-06 03:15:24.337  INFO 4296 --- [main] o.s.b.w.embedded.tomcat.TomcatWebServer  : Tomcat initialized with port(s): 8081 (http)
2018-11-06 03:15:24.353  INFO 4296 --- [main] o.apache.catalina.core.StandardService   : Starting service [Tomcat]
2018-11-06 03:15:24.353  INFO 4296 --- [main] org.apache.catalina.core.StandardEngine  : Starting Servlet Engine: Apache Tomcat/9.0.12
2018-11-06 03:15:24.360  INFO 4296 --- [main] o.a.catalina.core.AprLifecycleListener   : The APR based Apache Tomcat Native library which allows optimal performance in production environments was not found on the java.library.path: [C:\Program Files\Java\jre1.8.0_141\bin;C:\WINDOWS\Sun\Java\bin;C:\WINDOWS\system32;C:\WINDOWS;C:/Program Files/Java/jre1.8.0_141/bin/server;C:/Program Files/Java/jre1.8.0_141/bin;C:/Program Files/Java/jre1.8.0_141/lib/amd64;C:\Program Files (x86)\Common Files\Oracle\Java\javapath;C:\Program Files (x86)\Intel\Intel(R) Management Engine Components\iCLS\;C:\Program Files\Intel\Intel(R) Management Engine Components\iCLS\;C:\ProgramData\Oracle\Java\javapath;C:\WINDOWS\system32;C:\WINDOWS;C:\WINDOWS\System32\Wbem;C:\WINDOWS\System32\WindowsPowerShell\v1.0\;C:\Program Files\Git\cmd;C:\Program Files (x86)\PharosSystems\Core;C:\Program Files\dotnet\;C:\Program Files (x86)\Brackets\command;C:\Program Files\Microsoft SQL Server\130\Tools\Binn\;C:\Program Files\apache-maven-3.5.3\bin;C:\Program Files\Java\jdk1.8.0_141\bin;C:\google-cloud-sdk\bin;C:\Program Files (x86)\Intel\Intel(R) Management Engine Components\DAL;C:\Program Files\Intel\Intel(R) Management Engine Components\DAL;C:\Program Files (x86)\Intel\Intel(R) Management Engine Components\IPT;C:\Program Files\Intel\Intel(R) Management Engine Components\IPT;C:\WINDOWS\System32\OpenSSH\;C:\Program Files\MySQL\MySQL Utilities 1.6\;C:\Program Files\Intel\WiFi\bin\;C:\Program Files\Common Files\Intel\WirelessCommon\;C:\Program Files\nodejs\;C:\Program Files\Microsoft VS Code\bin;C:\Users\nehab\AppData\Local\Microsoft\WindowsApps;C:\Program Files\Microsoft VS Code\bin;C:\Users\nehab\AppData\Local\GitHubDesktop\bin;C:\Users\nehab\AppData\Local\Programs\Fiddler;C:\Program Files\apache-maven-3.5.3\bin;C:\Program Files\Java\jdk1.8.0_161\bin;C:\google-cloud-sdk\bin;C:\Users\nehab\AppData\Local\Microsoft\WindowsApps;C:\Program Files\dotnet\sdk;C:\Program Files\heroku\bin;C:\Gradle\gradle-4.10.2\bin;C:\Users\nehab\AppData\Roaming\npm;C:\eclipse;;.]
2018-11-06 03:15:24.460  INFO 4296 --- [main] o.a.c.c.C.[Tomcat].[localhost].[/]       : Initializing Spring embedded WebApplicationContext
2018-11-06 03:15:24.461  INFO 4296 --- [main] o.s.web.context.ContextLoader            : Root WebApplicationContext: initialization completed in 1345 ms
2018-11-06 03:15:24.505  INFO 4296 --- [main] o.s.b.w.servlet.ServletRegistrationBean  : Servlet dispatcherServlet mapped to [/]
2018-11-06 03:15:24.508  INFO 4296 --- [main] o.s.b.w.servlet.FilterRegistrationBean   : Mapping filter: 'characterEncodingFilter' to: [/*]
2018-11-06 03:15:25.110  INFO 4296 --- [main] bConfig$$EnhancerBySpringCGLIB$$e450dd15 : addCorsMappings - Start
2018-11-06 03:15:25.111  INFO 4296 --- [main] bConfig$$EnhancerBySpringCGLIB$$e450dd15 : addCorsMappings - End
2018-11-06 03:15:25.567  INFO 4296 --- [main] o.s.b.w.embedded.tomcat.TomcatWebServer  : Tomcat started on port(s): 8081 (http) with context path ''
2018-11-06 03:15:25.570  INFO 4296 --- [main] com.lookup.FindDuplicatesApplication     : Started FindDuplicatesApplication in 2.888 seconds (JVM running for 3.632)
2018-11-06 03:15:28.147  INFO 4296 --- [http-nio-8081-exec-2] o.a.c.c.C.[Tomcat].[localhost].[/]       : Initializing Spring DispatcherServlet 'dispatcherServlet'
2018-11-06 03:15:28.148  INFO 4296 --- [http-nio-8081-exec-2] o.s.web.servlet.DispatcherServlet        : Initializing Servlet 'dispatcherServlet'
2018-11-06 03:15:28.173  INFO 4296 --- [http-nio-8081-exec-2] o.s.web.servlet.DispatcherServlet        : Completed initialization in 25 ms
2018-11-06 03:15:28.244  INFO 4296 --- [http-nio-8081-exec-2] com.lookup.controller.LookupController   : getDuplicates - Start
2018-11-06 03:15:28.245  INFO 4296 --- [http-nio-8081-exec-2] com.lookup.service.LocalClient           : uploadFile - Start
2018-11-06 03:15:28.249  INFO 4296 --- [http-nio-8081-exec-2] com.lookup.service.LocalClient           : uploadFile - End
2018-11-06 03:15:28.320 ERROR 4296 --- [http-nio-8081-exec-2] com.lookup.controller.LookupController   : java.util.ArrayList cannot be cast to com.lookup.model.Employee
2018-11-06 03:15:28.320  INFO 4296 --- [http-nio-8081-exec-2] com.lookup.controller.LookupController   : getDuplicates - End
2018-11-06 03:17:41.528  INFO 18928 --- [main] com.lookup.FindDuplicatesApplication     : Starting FindDuplicatesApplication on LAPTOP-0TTO0U19 with PID 18928 (C:\Users\nehab\Documents\Validity\FindDuplicates\SpingBootServer\target\classes started by nehab in C:\Users\nehab\Documents\Validity\FindDuplicates\SpingBootServer)
2018-11-06 03:17:41.531  INFO 18928 --- [main] com.lookup.FindDuplicatesApplication     : No active profile set, falling back to default profiles: default
2018-11-06 03:17:42.487  INFO 18928 --- [main] trationDelegate$BeanPostProcessorChecker : Bean 'org.springframework.hateoas.config.HateoasConfiguration' of type [org.springframework.hateoas.config.HateoasConfiguration$$EnhancerBySpringCGLIB$$a3ccf697] is not eligible for getting processed by all BeanPostProcessors (for example: not eligible for auto-proxying)
2018-11-06 03:17:42.822  INFO 18928 --- [main] o.s.b.w.embedded.tomcat.TomcatWebServer  : Tomcat initialized with port(s): 8081 (http)
2018-11-06 03:17:42.837  INFO 18928 --- [main] o.apache.catalina.core.StandardService   : Starting service [Tomcat]
2018-11-06 03:17:42.838  INFO 18928 --- [main] org.apache.catalina.core.StandardEngine  : Starting Servlet Engine: Apache Tomcat/9.0.12
2018-11-06 03:17:42.844  INFO 18928 --- [main] o.a.catalina.core.AprLifecycleListener   : The APR based Apache Tomcat Native library which allows optimal performance in production environments was not found on the java.library.path: [C:\Program Files\Java\jre1.8.0_141\bin;C:\WINDOWS\Sun\Java\bin;C:\WINDOWS\system32;C:\WINDOWS;C:/Program Files/Java/jre1.8.0_141/bin/server;C:/Program Files/Java/jre1.8.0_141/bin;C:/Program Files/Java/jre1.8.0_141/lib/amd64;C:\Program Files (x86)\Common Files\Oracle\Java\javapath;C:\Program Files (x86)\Intel\Intel(R) Management Engine Components\iCLS\;C:\Program Files\Intel\Intel(R) Management Engine Components\iCLS\;C:\ProgramData\Oracle\Java\javapath;C:\WINDOWS\system32;C:\WINDOWS;C:\WINDOWS\System32\Wbem;C:\WINDOWS\System32\WindowsPowerShell\v1.0\;C:\Program Files\Git\cmd;C:\Program Files (x86)\PharosSystems\Core;C:\Program Files\dotnet\;C:\Program Files (x86)\Brackets\command;C:\Program Files\Microsoft SQL Server\130\Tools\Binn\;C:\Program Files\apache-maven-3.5.3\bin;C:\Program Files\Java\jdk1.8.0_141\bin;C:\google-cloud-sdk\bin;C:\Program Files (x86)\Intel\Intel(R) Management Engine Components\DAL;C:\Program Files\Intel\Intel(R) Management Engine Components\DAL;C:\Program Files (x86)\Intel\Intel(R) Management Engine Components\IPT;C:\Program Files\Intel\Intel(R) Management Engine Components\IPT;C:\WINDOWS\System32\OpenSSH\;C:\Program Files\MySQL\MySQL Utilities 1.6\;C:\Program Files\Intel\WiFi\bin\;C:\Program Files\Common Files\Intel\WirelessCommon\;C:\Program Files\nodejs\;C:\Program Files\Microsoft VS Code\bin;C:\Users\nehab\AppData\Local\Microsoft\WindowsApps;C:\Program Files\Microsoft VS Code\bin;C:\Users\nehab\AppData\Local\GitHubDesktop\bin;C:\Users\nehab\AppData\Local\Programs\Fiddler;C:\Program Files\apache-maven-3.5.3\bin;C:\Program Files\Java\jdk1.8.0_161\bin;C:\google-cloud-sdk\bin;C:\Users\nehab\AppData\Local\Microsoft\WindowsApps;C:\Program Files\dotnet\sdk;C:\Program Files\heroku\bin;C:\Gradle\gradle-4.10.2\bin;C:\Users\nehab\AppData\Roaming\npm;C:\eclipse;;.]
2018-11-06 03:17:43.189  INFO 18928 --- [main] o.a.c.c.C.[Tomcat].[localhost].[/]       : Initializing Spring embedded WebApplicationContext
2018-11-06 03:17:43.193  INFO 18928 --- [main] o.s.web.context.ContextLoader            : Root WebApplicationContext: initialization completed in 1627 ms
2018-11-06 03:17:43.446  INFO 18928 --- [main] o.s.b.w.servlet.ServletRegistrationBean  : Servlet dispatcherServlet mapped to [/]
2018-11-06 03:17:43.465  INFO 18928 --- [main] o.s.b.w.servlet.FilterRegistrationBean   : Mapping filter: 'characterEncodingFilter' to: [/*]
2018-11-06 03:17:44.107  INFO 18928 --- [main] bConfig$$EnhancerBySpringCGLIB$$196eaee1 : addCorsMappings - Start
2018-11-06 03:17:44.108  INFO 18928 --- [main] bConfig$$EnhancerBySpringCGLIB$$196eaee1 : addCorsMappings - End
2018-11-06 03:17:44.547 ERROR 18928 --- [main] org.apache.catalina.util.LifecycleBase   : Failed to start component [Connector[HTTP/1.1-8081]]

org.apache.catalina.LifecycleException: Protocol handler start failed
	at org.apache.catalina.connector.Connector.startInternal(Connector.java:960) ~[tomcat-embed-core-9.0.12.jar:9.0.12]
	at org.apache.catalina.util.LifecycleBase.start(LifecycleBase.java:183) ~[tomcat-embed-core-9.0.12.jar:9.0.12]
	at org.apache.catalina.core.StandardService.addConnector(StandardService.java:225) [tomcat-embed-core-9.0.12.jar:9.0.12]
	at org.springframework.boot.web.embedded.tomcat.TomcatWebServer.addPreviouslyRemovedConnectors(TomcatWebServer.java:259) [spring-boot-2.1.0.RELEASE.jar:2.1.0.RELEASE]
	at org.springframework.boot.web.embedded.tomcat.TomcatWebServer.start(TomcatWebServer.java:197) [spring-boot-2.1.0.RELEASE.jar:2.1.0.RELEASE]
	at org.springframework.boot.web.servlet.context.ServletWebServerApplicationContext.startWebServer(ServletWebServerApplicationContext.java:300) [spring-boot-2.1.0.RELEASE.jar:2.1.0.RELEASE]
	at org.springframework.boot.web.servlet.context.ServletWebServerApplicationContext.finishRefresh(ServletWebServerApplicationContext.java:162) [spring-boot-2.1.0.RELEASE.jar:2.1.0.RELEASE]
	at org.springframework.context.support.AbstractApplicationContext.refresh(AbstractApplicationContext.java:549) [spring-context-5.1.2.RELEASE.jar:5.1.2.RELEASE]
	at org.springframework.boot.web.servlet.context.ServletWebServerApplicationContext.refresh(ServletWebServerApplicationContext.java:140) [spring-boot-2.1.0.RELEASE.jar:2.1.0.RELEASE]
	at org.springframework.boot.SpringApplication.refresh(SpringApplication.java:775) [spring-boot-2.1.0.RELEASE.jar:2.1.0.RELEASE]
	at org.springframework.boot.SpringApplication.refreshContext(SpringApplication.java:397) [spring-boot-2.1.0.RELEASE.jar:2.1.0.RELEASE]
	at org.springframework.boot.SpringApplication.run(SpringApplication.java:316) [spring-boot-2.1.0.RELEASE.jar:2.1.0.RELEASE]
	at org.springframework.boot.SpringApplication.run(SpringApplication.java:1260) [spring-boot-2.1.0.RELEASE.jar:2.1.0.RELEASE]
	at org.springframework.boot.SpringApplication.run(SpringApplication.java:1248) [spring-boot-2.1.0.RELEASE.jar:2.1.0.RELEASE]
	at com.lookup.FindDuplicatesApplication.main(FindDuplicatesApplication.java:14) [classes/:na]
Caused by: java.net.BindException: Address already in use: bind
	at sun.nio.ch.Net.bind0(Native Method) ~[na:1.8.0_141]
	at sun.nio.ch.Net.bind(Unknown Source) ~[na:1.8.0_141]
	at sun.nio.ch.Net.bind(Unknown Source) ~[na:1.8.0_141]
	at sun.nio.ch.ServerSocketChannelImpl.bind(Unknown Source) ~[na:1.8.0_141]
	at sun.nio.ch.ServerSocketAdaptor.bind(Unknown Source) ~[na:1.8.0_141]
	at org.apache.tomcat.util.net.NioEndpoint.initServerSocket(NioEndpoint.java:236) ~[tomcat-embed-core-9.0.12.jar:9.0.12]
	at org.apache.tomcat.util.net.NioEndpoint.bind(NioEndpoint.java:210) ~[tomcat-embed-core-9.0.12.jar:9.0.12]
	at org.apache.tomcat.util.net.AbstractEndpoint.start(AbstractEndpoint.java:1108) ~[tomcat-embed-core-9.0.12.jar:9.0.12]
	at org.apache.coyote.AbstractProtocol.start(AbstractProtocol.java:550) ~[tomcat-embed-core-9.0.12.jar:9.0.12]
	at org.apache.catalina.connector.Connector.startInternal(Connector.java:957) ~[tomcat-embed-core-9.0.12.jar:9.0.12]
	... 14 common frames omitted

2018-11-06 03:17:44.554  INFO 18928 --- [main] o.apache.catalina.core.StandardService   : Stopping service [Tomcat]
2018-11-06 03:17:44.563  INFO 18928 --- [main] ConditionEvaluationReportLoggingListener : 

Error starting ApplicationContext. To display the conditions report re-run your application with 'debug' enabled.
2018-11-06 03:17:44.566 ERROR 18928 --- [main] o.s.b.d.LoggingFailureAnalysisReporter   : 

***************************
APPLICATION FAILED TO START
***************************

Description:

The Tomcat connector configured to listen on port 8081 failed to start. The port may already be in use or the connector may be misconfigured.

Action:

Verify the connector's configuration, identify and stop any process that's listening on port 8081, or configure this application to listen on another port.

2018-11-06 03:17:47.174  INFO 4296 --- [RMI TCP Connection(2)-127.0.0.1] inMXBeanRegistrar$SpringApplicationAdmin : Application shutdown requested.
2018-11-06 03:17:53.213  INFO 18164 --- [main] com.lookup.FindDuplicatesApplication     : Starting FindDuplicatesApplication on LAPTOP-0TTO0U19 with PID 18164 (C:\Users\nehab\Documents\Validity\FindDuplicates\SpingBootServer\target\classes started by nehab in C:\Users\nehab\Documents\Validity\FindDuplicates\SpingBootServer)
2018-11-06 03:17:53.217  INFO 18164 --- [main] com.lookup.FindDuplicatesApplication     : No active profile set, falling back to default profiles: default
2018-11-06 03:17:54.090  INFO 18164 --- [main] trationDelegate$BeanPostProcessorChecker : Bean 'org.springframework.hateoas.config.HateoasConfiguration' of type [org.springframework.hateoas.config.HateoasConfiguration$$EnhancerBySpringCGLIB$$b6b3ed9a] is not eligible for getting processed by all BeanPostProcessors (for example: not eligible for auto-proxying)
2018-11-06 03:17:54.623  INFO 18164 --- [main] o.s.b.w.embedded.tomcat.TomcatWebServer  : Tomcat initialized with port(s): 8081 (http)
2018-11-06 03:17:54.637  INFO 18164 --- [main] o.apache.catalina.core.StandardService   : Starting service [Tomcat]
2018-11-06 03:17:54.637  INFO 18164 --- [main] org.apache.catalina.core.StandardEngine  : Starting Servlet Engine: Apache Tomcat/9.0.12
2018-11-06 03:17:54.643  INFO 18164 --- [main] o.a.catalina.core.AprLifecycleListener   : The APR based Apache Tomcat Native library which allows optimal performance in production environments was not found on the java.library.path: [C:\Program Files\Java\jre1.8.0_141\bin;C:\WINDOWS\Sun\Java\bin;C:\WINDOWS\system32;C:\WINDOWS;C:/Program Files/Java/jre1.8.0_141/bin/server;C:/Program Files/Java/jre1.8.0_141/bin;C:/Program Files/Java/jre1.8.0_141/lib/amd64;C:\Program Files (x86)\Common Files\Oracle\Java\javapath;C:\Program Files (x86)\Intel\Intel(R) Management Engine Components\iCLS\;C:\Program Files\Intel\Intel(R) Management Engine Components\iCLS\;C:\ProgramData\Oracle\Java\javapath;C:\WINDOWS\system32;C:\WINDOWS;C:\WINDOWS\System32\Wbem;C:\WINDOWS\System32\WindowsPowerShell\v1.0\;C:\Program Files\Git\cmd;C:\Program Files (x86)\PharosSystems\Core;C:\Program Files\dotnet\;C:\Program Files (x86)\Brackets\command;C:\Program Files\Microsoft SQL Server\130\Tools\Binn\;C:\Program Files\apache-maven-3.5.3\bin;C:\Program Files\Java\jdk1.8.0_141\bin;C:\google-cloud-sdk\bin;C:\Program Files (x86)\Intel\Intel(R) Management Engine Components\DAL;C:\Program Files\Intel\Intel(R) Management Engine Components\DAL;C:\Program Files (x86)\Intel\Intel(R) Management Engine Components\IPT;C:\Program Files\Intel\Intel(R) Management Engine Components\IPT;C:\WINDOWS\System32\OpenSSH\;C:\Program Files\MySQL\MySQL Utilities 1.6\;C:\Program Files\Intel\WiFi\bin\;C:\Program Files\Common Files\Intel\WirelessCommon\;C:\Program Files\nodejs\;C:\Program Files\Microsoft VS Code\bin;C:\Users\nehab\AppData\Local\Microsoft\WindowsApps;C:\Program Files\Microsoft VS Code\bin;C:\Users\nehab\AppData\Local\GitHubDesktop\bin;C:\Users\nehab\AppData\Local\Programs\Fiddler;C:\Program Files\apache-maven-3.5.3\bin;C:\Program Files\Java\jdk1.8.0_161\bin;C:\google-cloud-sdk\bin;C:\Users\nehab\AppData\Local\Microsoft\WindowsApps;C:\Program Files\dotnet\sdk;C:\Program Files\heroku\bin;C:\Gradle\gradle-4.10.2\bin;C:\Users\nehab\AppData\Roaming\npm;C:\eclipse;;.]
2018-11-06 03:17:54.754  INFO 18164 --- [main] o.a.c.c.C.[Tomcat].[localhost].[/]       : Initializing Spring embedded WebApplicationContext
2018-11-06 03:17:54.755  INFO 18164 --- [main] o.s.web.context.ContextLoader            : Root WebApplicationContext: initialization completed in 1490 ms
2018-11-06 03:17:54.815  INFO 18164 --- [main] o.s.b.w.servlet.ServletRegistrationBean  : Servlet dispatcherServlet mapped to [/]
2018-11-06 03:17:54.820  INFO 18164 --- [main] o.s.b.w.servlet.FilterRegistrationBean   : Mapping filter: 'characterEncodingFilter' to: [/*]
2018-11-06 03:17:55.241  INFO 18164 --- [main] bConfig$$EnhancerBySpringCGLIB$$2c55a5e4 : addCorsMappings - Start
2018-11-06 03:17:55.242  INFO 18164 --- [main] bConfig$$EnhancerBySpringCGLIB$$2c55a5e4 : addCorsMappings - End
2018-11-06 03:17:55.684  INFO 18164 --- [main] o.s.b.w.embedded.tomcat.TomcatWebServer  : Tomcat started on port(s): 8081 (http) with context path ''
2018-11-06 03:17:55.688  INFO 18164 --- [main] com.lookup.FindDuplicatesApplication     : Started FindDuplicatesApplication in 2.857 seconds (JVM running for 3.59)
2018-11-06 03:17:59.954  INFO 18164 --- [http-nio-8081-exec-1] o.a.c.c.C.[Tomcat].[localhost].[/]       : Initializing Spring DispatcherServlet 'dispatcherServlet'
2018-11-06 03:17:59.955  INFO 18164 --- [http-nio-8081-exec-1] o.s.web.servlet.DispatcherServlet        : Initializing Servlet 'dispatcherServlet'
2018-11-06 03:17:59.984  INFO 18164 --- [http-nio-8081-exec-1] o.s.web.servlet.DispatcherServlet        : Completed initialization in 29 ms
2018-11-06 03:18:00.084  INFO 18164 --- [http-nio-8081-exec-1] com.lookup.controller.LookupController   : getDuplicates - Start
2018-11-06 03:18:00.086  INFO 18164 --- [http-nio-8081-exec-1] com.lookup.service.LocalClient           : uploadFile - Start
2018-11-06 03:18:00.093  INFO 18164 --- [http-nio-8081-exec-1] com.lookup.service.LocalClient           : uploadFile - End
2018-11-06 03:18:00.183  INFO 18164 --- [http-nio-8081-exec-1] com.lookup.controller.LookupController   : getDuplicates - End
2018-11-06 03:21:08.114  INFO 18164 --- [RMI TCP Connection(2)-127.0.0.1] inMXBeanRegistrar$SpringApplicationAdmin : Application shutdown requested.
2018-11-06 03:21:11.761  INFO 6796 --- [main] com.lookup.FindDuplicatesApplication     : Starting FindDuplicatesApplication on LAPTOP-0TTO0U19 with PID 6796 (C:\Users\nehab\Documents\Validity\FindDuplicates\SpingBootServer\target\classes started by nehab in C:\Users\nehab\Documents\Validity\FindDuplicates\SpingBootServer)
2018-11-06 03:21:11.765  INFO 6796 --- [main] com.lookup.FindDuplicatesApplication     : No active profile set, falling back to default profiles: default
2018-11-06 03:21:13.191  INFO 6796 --- [main] trationDelegate$BeanPostProcessorChecker : Bean 'org.springframework.hateoas.config.HateoasConfiguration' of type [org.springframework.hateoas.config.HateoasConfiguration$$EnhancerBySpringCGLIB$$768b6988] is not eligible for getting processed by all BeanPostProcessors (for example: not eligible for auto-proxying)
2018-11-06 03:21:14.023  INFO 6796 --- [main] o.s.b.w.embedded.tomcat.TomcatWebServer  : Tomcat initialized with port(s): 8081 (http)
2018-11-06 03:21:14.050  INFO 6796 --- [main] o.apache.catalina.core.StandardService   : Starting service [Tomcat]
2018-11-06 03:21:14.051  INFO 6796 --- [main] org.apache.catalina.core.StandardEngine  : Starting Servlet Engine: Apache Tomcat/9.0.12
2018-11-06 03:21:14.060  INFO 6796 --- [main] o.a.catalina.core.AprLifecycleListener   : The APR based Apache Tomcat Native library which allows optimal performance in production environments was not found on the java.library.path: [C:\Program Files\Java\jre1.8.0_141\bin;C:\WINDOWS\Sun\Java\bin;C:\WINDOWS\system32;C:\WINDOWS;C:/Program Files/Java/jre1.8.0_141/bin/server;C:/Program Files/Java/jre1.8.0_141/bin;C:/Program Files/Java/jre1.8.0_141/lib/amd64;C:\Program Files (x86)\Common Files\Oracle\Java\javapath;C:\Program Files (x86)\Intel\Intel(R) Management Engine Components\iCLS\;C:\Program Files\Intel\Intel(R) Management Engine Components\iCLS\;C:\ProgramData\Oracle\Java\javapath;C:\WINDOWS\system32;C:\WINDOWS;C:\WINDOWS\System32\Wbem;C:\WINDOWS\System32\WindowsPowerShell\v1.0\;C:\Program Files\Git\cmd;C:\Program Files (x86)\PharosSystems\Core;C:\Program Files\dotnet\;C:\Program Files (x86)\Brackets\command;C:\Program Files\Microsoft SQL Server\130\Tools\Binn\;C:\Program Files\apache-maven-3.5.3\bin;C:\Program Files\Java\jdk1.8.0_141\bin;C:\google-cloud-sdk\bin;C:\Program Files (x86)\Intel\Intel(R) Management Engine Components\DAL;C:\Program Files\Intel\Intel(R) Management Engine Components\DAL;C:\Program Files (x86)\Intel\Intel(R) Management Engine Components\IPT;C:\Program Files\Intel\Intel(R) Management Engine Components\IPT;C:\WINDOWS\System32\OpenSSH\;C:\Program Files\MySQL\MySQL Utilities 1.6\;C:\Program Files\Intel\WiFi\bin\;C:\Program Files\Common Files\Intel\WirelessCommon\;C:\Program Files\nodejs\;C:\Program Files\Microsoft VS Code\bin;C:\Users\nehab\AppData\Local\Microsoft\WindowsApps;C:\Program Files\Microsoft VS Code\bin;C:\Users\nehab\AppData\Local\GitHubDesktop\bin;C:\Users\nehab\AppData\Local\Programs\Fiddler;C:\Program Files\apache-maven-3.5.3\bin;C:\Program Files\Java\jdk1.8.0_161\bin;C:\google-cloud-sdk\bin;C:\Users\nehab\AppData\Local\Microsoft\WindowsApps;C:\Program Files\dotnet\sdk;C:\Program Files\heroku\bin;C:\Gradle\gradle-4.10.2\bin;C:\Users\nehab\AppData\Roaming\npm;C:\eclipse;;.]
2018-11-06 03:21:14.270  INFO 6796 --- [main] o.a.c.c.C.[Tomcat].[localhost].[/]       : Initializing Spring embedded WebApplicationContext
2018-11-06 03:21:14.270  INFO 6796 --- [main] o.s.web.context.ContextLoader            : Root WebApplicationContext: initialization completed in 2455 ms
2018-11-06 03:21:14.305  INFO 6796 --- [main] o.s.b.w.servlet.ServletRegistrationBean  : Servlet dispatcherServlet mapped to [/]
2018-11-06 03:21:14.309  INFO 6796 --- [main] o.s.b.w.servlet.FilterRegistrationBean   : Mapping filter: 'characterEncodingFilter' to: [/*]
2018-11-06 03:21:14.833  INFO 6796 --- [main] bConfig$$EnhancerBySpringCGLIB$$ec2d21d2 : addCorsMappings - Start
2018-11-06 03:21:14.835  INFO 6796 --- [main] bConfig$$EnhancerBySpringCGLIB$$ec2d21d2 : addCorsMappings - End
2018-11-06 03:21:15.340  INFO 6796 --- [main] o.s.b.w.embedded.tomcat.TomcatWebServer  : Tomcat started on port(s): 8081 (http) with context path ''
2018-11-06 03:21:15.344  INFO 6796 --- [main] com.lookup.FindDuplicatesApplication     : Started FindDuplicatesApplication in 4.098 seconds (JVM running for 5.068)
2018-11-06 03:21:26.673  INFO 6796 --- [http-nio-8081-exec-1] o.a.c.c.C.[Tomcat].[localhost].[/]       : Initializing Spring DispatcherServlet 'dispatcherServlet'
2018-11-06 03:21:26.673  INFO 6796 --- [http-nio-8081-exec-1] o.s.web.servlet.DispatcherServlet        : Initializing Servlet 'dispatcherServlet'
2018-11-06 03:21:26.691  INFO 6796 --- [http-nio-8081-exec-1] o.s.web.servlet.DispatcherServlet        : Completed initialization in 18 ms
2018-11-06 03:21:26.738  INFO 6796 --- [http-nio-8081-exec-1] com.lookup.controller.LookupController   : getNonDuplicates - Start
2018-11-06 03:21:26.739  INFO 6796 --- [http-nio-8081-exec-1] com.lookup.service.LocalClient           : uploadFile - Start
2018-11-06 03:21:26.747  INFO 6796 --- [http-nio-8081-exec-1] com.lookup.service.LocalClient           : uploadFile - End
2018-11-06 03:21:26.825  INFO 6796 --- [http-nio-8081-exec-1] com.lookup.controller.LookupController   : getDuplicates - End
2018-11-06 03:39:30.459  INFO 6796 --- [RMI TCP Connection(2)-127.0.0.1] inMXBeanRegistrar$SpringApplicationAdmin : Application shutdown requested.
2018-11-06 03:39:33.907  INFO 18436 --- [main] com.lookup.FindDuplicatesApplication     : Starting FindDuplicatesApplication on LAPTOP-0TTO0U19 with PID 18436 (C:\Users\nehab\Documents\Validity\FindDuplicates\SpingBootServer\target\classes started by nehab in C:\Users\nehab\Documents\Validity\FindDuplicates\SpingBootServer)
2018-11-06 03:39:33.911  INFO 18436 --- [main] com.lookup.FindDuplicatesApplication     : No active profile set, falling back to default profiles: default
2018-11-06 03:39:34.884  INFO 18436 --- [main] trationDelegate$BeanPostProcessorChecker : Bean 'org.springframework.hateoas.config.HateoasConfiguration' of type [org.springframework.hateoas.config.HateoasConfiguration$$EnhancerBySpringCGLIB$$6480b1ae] is not eligible for getting processed by all BeanPostProcessors (for example: not eligible for auto-proxying)
2018-11-06 03:39:35.342  INFO 18436 --- [main] o.s.b.w.embedded.tomcat.TomcatWebServer  : Tomcat initialized with port(s): 8081 (http)
2018-11-06 03:39:35.363  INFO 18436 --- [main] o.apache.catalina.core.StandardService   : Starting service [Tomcat]
2018-11-06 03:39:35.364  INFO 18436 --- [main] org.apache.catalina.core.StandardEngine  : Starting Servlet Engine: Apache Tomcat/9.0.12
2018-11-06 03:39:35.371  INFO 18436 --- [main] o.a.catalina.core.AprLifecycleListener   : The APR based Apache Tomcat Native library which allows optimal performance in production environments was not found on the java.library.path: [C:\Program Files\Java\jre1.8.0_141\bin;C:\WINDOWS\Sun\Java\bin;C:\WINDOWS\system32;C:\WINDOWS;C:/Program Files/Java/jre1.8.0_141/bin/server;C:/Program Files/Java/jre1.8.0_141/bin;C:/Program Files/Java/jre1.8.0_141/lib/amd64;C:\Program Files (x86)\Common Files\Oracle\Java\javapath;C:\Program Files (x86)\Intel\Intel(R) Management Engine Components\iCLS\;C:\Program Files\Intel\Intel(R) Management Engine Components\iCLS\;C:\ProgramData\Oracle\Java\javapath;C:\WINDOWS\system32;C:\WINDOWS;C:\WINDOWS\System32\Wbem;C:\WINDOWS\System32\WindowsPowerShell\v1.0\;C:\Program Files\Git\cmd;C:\Program Files (x86)\PharosSystems\Core;C:\Program Files\dotnet\;C:\Program Files (x86)\Brackets\command;C:\Program Files\Microsoft SQL Server\130\Tools\Binn\;C:\Program Files\apache-maven-3.5.3\bin;C:\Program Files\Java\jdk1.8.0_141\bin;C:\google-cloud-sdk\bin;C:\Program Files (x86)\Intel\Intel(R) Management Engine Components\DAL;C:\Program Files\Intel\Intel(R) Management Engine Components\DAL;C:\Program Files (x86)\Intel\Intel(R) Management Engine Components\IPT;C:\Program Files\Intel\Intel(R) Management Engine Components\IPT;C:\WINDOWS\System32\OpenSSH\;C:\Program Files\MySQL\MySQL Utilities 1.6\;C:\Program Files\Intel\WiFi\bin\;C:\Program Files\Common Files\Intel\WirelessCommon\;C:\Program Files\nodejs\;C:\Program Files\Microsoft VS Code\bin;C:\Users\nehab\AppData\Local\Microsoft\WindowsApps;C:\Program Files\Microsoft VS Code\bin;C:\Users\nehab\AppData\Local\GitHubDesktop\bin;C:\Users\nehab\AppData\Local\Programs\Fiddler;C:\Program Files\apache-maven-3.5.3\bin;C:\Program Files\Java\jdk1.8.0_161\bin;C:\google-cloud-sdk\bin;C:\Users\nehab\AppData\Local\Microsoft\WindowsApps;C:\Program Files\dotnet\sdk;C:\Program Files\heroku\bin;C:\Gradle\gradle-4.10.2\bin;C:\Users\nehab\AppData\Roaming\npm;C:\eclipse;;.]
2018-11-06 03:39:35.485  INFO 18436 --- [main] o.a.c.c.C.[Tomcat].[localhost].[/]       : Initializing Spring embedded WebApplicationContext
2018-11-06 03:39:35.485  INFO 18436 --- [main] o.s.web.context.ContextLoader            : Root WebApplicationContext: initialization completed in 1525 ms
2018-11-06 03:39:35.536  INFO 18436 --- [main] o.s.b.w.servlet.ServletRegistrationBean  : Servlet dispatcherServlet mapped to [/]
2018-11-06 03:39:35.540  INFO 18436 --- [main] o.s.b.w.servlet.FilterRegistrationBean   : Mapping filter: 'characterEncodingFilter' to: [/*]
2018-11-06 03:39:35.969  INFO 18436 --- [main] bConfig$$EnhancerBySpringCGLIB$$da2269f8 : addCorsMappings - Start
2018-11-06 03:39:35.971  INFO 18436 --- [main] bConfig$$EnhancerBySpringCGLIB$$da2269f8 : addCorsMappings - End
2018-11-06 03:39:36.478  INFO 18436 --- [main] o.s.b.w.embedded.tomcat.TomcatWebServer  : Tomcat started on port(s): 8081 (http) with context path ''
2018-11-06 03:39:36.482  INFO 18436 --- [main] com.lookup.FindDuplicatesApplication     : Started FindDuplicatesApplication in 3.001 seconds (JVM running for 4.01)
2018-11-06 03:40:27.445  INFO 18436 --- [http-nio-8081-exec-1] o.a.c.c.C.[Tomcat].[localhost].[/]       : Initializing Spring DispatcherServlet 'dispatcherServlet'
2018-11-06 03:40:27.445  INFO 18436 --- [http-nio-8081-exec-1] o.s.web.servlet.DispatcherServlet        : Initializing Servlet 'dispatcherServlet'
2018-11-06 03:40:27.462  INFO 18436 --- [http-nio-8081-exec-1] o.s.web.servlet.DispatcherServlet        : Completed initialization in 16 ms
2018-11-06 03:40:27.509  INFO 18436 --- [http-nio-8081-exec-1] com.lookup.controller.LookupController   : getNonDuplicates - Start
2018-11-06 03:40:27.509  INFO 18436 --- [http-nio-8081-exec-1] com.lookup.service.LocalClient           : uploadFile - Start
2018-11-06 03:40:27.518  INFO 18436 --- [http-nio-8081-exec-1] com.lookup.service.LocalClient           : uploadFile - End
2018-11-06 03:40:27.590  INFO 18436 --- [http-nio-8081-exec-1] com.lookup.controller.LookupController   : getDuplicates - End
2018-11-06 03:41:31.105  INFO 18436 --- [http-nio-8081-exec-3] com.lookup.controller.LookupController   : getNonDuplicates - Start
2018-11-06 03:41:31.106  INFO 18436 --- [http-nio-8081-exec-3] com.lookup.service.LocalClient           : uploadFile - Start
2018-11-06 03:41:31.117  INFO 18436 --- [http-nio-8081-exec-3] com.lookup.service.LocalClient           : uploadFile - End
2018-11-06 03:41:31.212  INFO 18436 --- [http-nio-8081-exec-3] com.lookup.controller.LookupController   : getDuplicates - End
2018-11-06 03:43:39.487  INFO 18436 --- [http-nio-8081-exec-5] com.lookup.controller.LookupController   : getNonDuplicates - Start
2018-11-06 03:43:39.488  INFO 18436 --- [http-nio-8081-exec-5] com.lookup.service.LocalClient           : uploadFile - Start
2018-11-06 03:43:39.490  INFO 18436 --- [http-nio-8081-exec-5] com.lookup.service.LocalClient           : uploadFile - End
2018-11-06 03:43:39.605  INFO 18436 --- [http-nio-8081-exec-5] com.lookup.controller.LookupController   : getDuplicates - End
